<?xml version="1.0" encoding="UTF-8"?>
<!-- Generated by org.testng.reporters.JUnitReportReporter -->
<testsuite hostname="HYDHTC328762L" failures="0" tests="1" name="practice.Loginbrowser" time="37.405" errors="0" timestamp="2020-10-23T12:42:16 IST" skipped="0">
  <testcase classname="practice.Loginbrowser" name="VerifyBrowserOpen" time="37.405"/>
  <system-out/>
</testsuite> <!-- practice.Loginbrowser -->
