<?xml version="1.0" encoding="UTF-8"?>
<!-- Generated by org.testng.reporters.JUnitReportReporter -->
<testsuite hostname="HYDHTC328762L" failures="0" tests="1" name="practice.Loginmethod" time="41.653" errors="0" timestamp="2020-10-23T12:32:02 IST" skipped="0">
  <testcase classname="practice.Loginmethod" name="login" time="41.653"/>
  <system-out/>
</testsuite> <!-- practice.Loginmethod -->
